Determining if the pthread_create exist failed with the following output:
Change Dir: /home/wesley/Documents/AutoDrive/Tutorials/catkin_ws/build/CMakeFiles/CMakeTmp

Run Build Command:"/usr/bin/make" "cmTC_8257c/fast"
/usr/bin/make -f CMakeFiles/cmTC_8257c.dir/build.make CMakeFiles/cmTC_8257c.dir/build
make[1]: Entering directory '/home/wesley/Documents/AutoDrive/Tutorials/catkin_ws/build/CMakeFiles/CMakeTmp'
Building C object CMakeFiles/cmTC_8257c.dir/CheckSymbolExists.c.o
/usr/bin/cc    -o CMakeFiles/cmTC_8257c.dir/CheckSymbolExists.c.o   -c /home/wesley/Documents/AutoDrive/Tutorials/catkin_ws/build/CMakeFiles/CMakeTmp/CheckSymbolExists.c
Linking C executable cmTC_8257c
/usr/bin/cmake -E cmake_link_script CMakeFiles/cmTC_8257c.dir/link.txt --verbose=1
/usr/bin/cc      -rdynamic CMakeFiles/cmTC_8257c.dir/CheckSymbolExists.c.o  -o cmTC_8257c 
CMakeFiles/cmTC_8257c.dir/CheckSymbolExists.c.o: In function `main':
CheckSymbolExists.c:(.text+0x1b): undefined reference to `pthread_create'
collect2: error: ld returned 1 exit status
CMakeFiles/cmTC_8257c.dir/build.make:97: recipe for target 'cmTC_8257c' failed
make[1]: *** [cmTC_8257c] Error 1
make[1]: Leaving directory '/home/wesley/Documents/AutoDrive/Tutorials/catkin_ws/build/CMakeFiles/CMakeTmp'
Makefile:126: recipe for target 'cmTC_8257c/fast' failed
make: *** [cmTC_8257c/fast] Error 2

File /home/wesley/Documents/AutoDrive/Tutorials/catkin_ws/build/CMakeFiles/CMakeTmp/CheckSymbolExists.c:
/* */
#include <pthread.h>

int main(int argc, char** argv)
{
  (void)argv;
#ifndef pthread_create
  return ((int*)(&pthread_create))[argc];
#else
  (void)argc;
  return 0;
#endif
}

Determining if the function pthread_create exists in the pthreads failed with the following output:
Change Dir: /home/wesley/Documents/AutoDrive/Tutorials/catkin_ws/build/CMakeFiles/CMakeTmp

Run Build Command:"/usr/bin/make" "cmTC_899ea/fast"
/usr/bin/make -f CMakeFiles/cmTC_899ea.dir/build.make CMakeFiles/cmTC_899ea.dir/build
make[1]: Entering directory '/home/wesley/Documents/AutoDrive/Tutorials/catkin_ws/build/CMakeFiles/CMakeTmp'
Building C object CMakeFiles/cmTC_899ea.dir/CheckFunctionExists.c.o
/usr/bin/cc   -DCHECK_FUNCTION_EXISTS=pthread_create   -o CMakeFiles/cmTC_899ea.dir/CheckFunctionExists.c.o   -c /usr/share/cmake-3.10/Modules/CheckFunctionExists.c
Linking C executable cmTC_899ea
/usr/bin/cmake -E cmake_link_script CMakeFiles/cmTC_899ea.dir/link.txt --verbose=1
/usr/bin/cc  -DCHECK_FUNCTION_EXISTS=pthread_create    -rdynamic CMakeFiles/cmTC_899ea.dir/CheckFunctionExists.c.o  -o cmTC_899ea -lpthreads 
/usr/bin/ld: cannot find -lpthreads
collect2: error: ld returned 1 exit status
CMakeFiles/cmTC_899ea.dir/build.make:97: recipe for target 'cmTC_899ea' failed
make[1]: *** [cmTC_899ea] Error 1
make[1]: Leaving directory '/home/wesley/Documents/AutoDrive/Tutorials/catkin_ws/build/CMakeFiles/CMakeTmp'
Makefile:126: recipe for target 'cmTC_899ea/fast' failed
make: *** [cmTC_899ea/fast] Error 2


